<?xml version="1.0" encoding="UTF-8"?>
<!-- Generated by org.testng.reporters.JUnitReportReporter -->
<testsuite hostname="EbenezerMathew" failures="0" tests="2" name="restassured_day2.Headersdemo1" time="3.835" errors="0" timestamp="2025-03-11T17:42:08 IST" skipped="0">
  <testcase classname="restassured_day2.Headersdemo1" name="testheadres" time="1.048"/>
  <testcase classname="restassured_day2.Headersdemo1" name="getheaders" time="2.787"/>
</testsuite> <!-- restassured_day2.Headersdemo1 -->
