<?xml version="1.0" encoding="UTF-8"?>
<!-- Generated by org.testng.reporters.JUnitReportReporter -->
<testsuite hostname="EbenezerMathew" failures="0" tests="1" name="restassured_day2.PathandQueryParameters" time="6.341" errors="0" timestamp="2025-03-11T16:15:01 IST" skipped="0">
  <testcase classname="restassured_day2.PathandQueryParameters" name="testQueryParameters" time="6.341"/>
</testsuite> <!-- restassured_day2.PathandQueryParameters -->
