<?xml version="1.0" encoding="UTF-8"?>
<!-- Generated by org.testng.reporters.JUnitReportReporter -->
<testsuite hostname="EbenezerMathew" failures="0" tests="1" name="restassured_day3.ParsingJsonResponseData" time="1.529" errors="0" timestamp="2025-03-12T12:19:08 IST" skipped="0">
  <testcase classname="restassured_day3.ParsingJsonResponseData" name="testjsonresponse1" time="1.529"/>
</testsuite> <!-- restassured_day3.ParsingJsonResponseData -->
