<?xml version="1.0" encoding="UTF-8"?>
<!-- Generated by org.testng.reporters.JUnitReportReporter -->
<testsuite hostname="EbenezerMathew" failures="0" tests="4" name="restassured_day1.Httpresquest" time="4.089" errors="0" timestamp="2025-03-11T09:57:15 IST" skipped="0">
  <testcase classname="restassured_day1.Httpresquest" name="getUsers" time="2.564"/>
  <testcase classname="restassured_day1.Httpresquest" name="createuser" time="0.762"/>
  <testcase classname="restassured_day1.Httpresquest" name="updateuser" time="0.402"/>
  <testcase classname="restassured_day1.Httpresquest" name="deleteuser" time="0.361"/>
</testsuite> <!-- restassured_day1.Httpresquest -->
