<?xml version="1.0" encoding="UTF-8"?>
<!-- Generated by org.testng.reporters.JUnitReportReporter -->
<testsuite hostname="EbenezerMathew" failures="0" tests="2" name="restassured_day3.Serilization_Deserilization" time="0.353" errors="0" timestamp="2025-03-12T15:29:45 IST" skipped="0">
  <testcase classname="restassured_day3.Serilization_Deserilization" name="convertPojotoJson" time="0.283"/>
  <testcase classname="restassured_day3.Serilization_Deserilization" name="convertJsontoPojo" time="0.070"/>
</testsuite> <!-- restassured_day3.Serilization_Deserilization -->
