<?xml version="1.0" encoding="UTF-8"?>
<!-- Generated by org.testng.reporters.JUnitReportReporter -->
<testsuite hostname="EbenezerMathew" failures="0" tests="1" name="restassured_day2.CookiesandHeaders" time="6.154" errors="0" timestamp="2025-03-11T16:51:45 IST" skipped="0">
  <testcase classname="restassured_day2.CookiesandHeaders" name="testcookieinfo" time="6.154"/>
</testsuite> <!-- restassured_day2.CookiesandHeaders -->
