<?xml version="1.0" encoding="UTF-8"?>
<!-- Generated by org.testng.reporters.JUnitReportReporter -->
<testsuite hostname="EbenezerMathew" failures="0" tests="1" name="restassured_day3.JsonSchemaValidation" time="1.885" errors="0" timestamp="2025-03-12T14:24:03 IST" skipped="0">
  <testcase classname="restassured_day3.JsonSchemaValidation" name="jsonschemavalidate" time="1.885"/>
</testsuite> <!-- restassured_day3.JsonSchemaValidation -->
