<?xml version="1.0" encoding="UTF-8"?>
<!-- Generated by org.testng.reporters.JUnitReportReporter -->
<testsuite hostname="EbenezerMathew" failures="0" tests="4" name="api.test.Usertests" time="9.988" errors="0" timestamp="2025-03-17T16:02:55 IST" skipped="0">
  <testcase classname="api.test.Usertests" name="testPostUser" time="4.460"/>
  <testcase classname="api.test.Usertests" name="testgetuserbyusername" time="1.402"/>
  <testcase classname="api.test.Usertests" name="testUpdateUserbyname" time="2.770"/>
  <testcase classname="api.test.Usertests" name="testdeleteuserbyname" time="1.356"/>
</testsuite> <!-- api.test.Usertests -->
